--------------------------------------------------------------
Installing utPLSQL v3 framework into ut3 schema
--------------------------------------------------------------
Switching current schema to ut3
--------------------------------------------------------------
Installing component UT_DBMS_OUTPUT_CACHE

--------------------------------------------------------------

Installing component UT_VARCHAR2_LIST

--------------------------------------------------------------

Installing component UT_VARCHAR2_ROWS

--------------------------------------------------------------

Installing component UT_OBJECT_NAME

--------------------------------------------------------------

Installing component UT_OBJECT_NAME

--------------------------------------------------------------

Installing component UT_OBJECT_NAMES

--------------------------------------------------------------

Installing component UT_KEY_VALUE_PAIR

--------------------------------------------------------------

Installing component UT_KEY_VALUE_PAIRS

--------------------------------------------------------------

Installing component UT_UTILS

--------------------------------------------------------------

Installing component UT_METADATA

--------------------------------------------------------------

Installing component UT_UTILS

--------------------------------------------------------------

Installing component UT_METADATA

--------------------------------------------------------------

Installing component UT_ANSICONSOLE_HELPER

--------------------------------------------------------------

Installing component UT_ANSICONSOLE_HELPER

--------------------------------------------------------------

Installing component UT_EXPECTATION_RESULT

--------------------------------------------------------------

Installing component UT_EXPECTATION_RESULTS

--------------------------------------------------------------

Installing component UT_RESULTS_COUNTER

--------------------------------------------------------------

Installing component UT_SUITE_ITEM_BASE

--------------------------------------------------------------

Installing component UT_EVENT_LISTENER_BASE

--------------------------------------------------------------

Installing component UT_SUITE_ITEM

--------------------------------------------------------------

Installing component UT_SUITE_ITEMS

--------------------------------------------------------------

Installing component UT_EXECUTABLE

--------------------------------------------------------------

Installing component UT_TEST

--------------------------------------------------------------

Installing component UT_LOGICAL_SUITE

--------------------------------------------------------------

Installing component UT_SUITE

--------------------------------------------------------------

Installing component UT_FILE_MAPPING

--------------------------------------------------------------

Installing component UT_FILE_MAPPINGS

--------------------------------------------------------------

Installing component UT_COVERAGE_OPTIONS

--------------------------------------------------------------

Installing component UT_RUN

--------------------------------------------------------------

Installing component UT_REPORTER_BASE

--------------------------------------------------------------

Installing component UT_REPORTERS

--------------------------------------------------------------

Installing component UT_EVENT_LISTENER

--------------------------------------------------------------

Installing component UT_OUTPUT_BUFFER_TMP

--------------------------------------------------------------

Installing component UT_MESSAGE_ID_SEQ

--------------------------------------------------------------

Installing component UT_OUTPUT_BUFFER

--------------------------------------------------------------

Installing component UT_OUTPUT_BUFFER

--------------------------------------------------------------

Installing component UT_ANNOTATION

--------------------------------------------------------------

Installing component UT_ANNOTATIONS

--------------------------------------------------------------

Installing component UT_ANNOTATED_OBJECT

--------------------------------------------------------------

Installing component UT_ANNOTATED_OBJECTS

--------------------------------------------------------------

Installing component UT_ANNOTATION_OBJ_CACHE_INFO

--------------------------------------------------------------

Installing component UT_ANNOTATION_OBJS_CACHE_INFO

--------------------------------------------------------------

Installing component UT_ANNOTATION_CACHE_SEQ

--------------------------------------------------------------

Installing component UT_ANNOTATION_CACHE_INFO

--------------------------------------------------------------

Installing component UT_ANNOTATION_CACHE

--------------------------------------------------------------

Installing component UT_ANNOTATION_CACHE_MANAGER

--------------------------------------------------------------

Installing component UT_ANNOTATION_CACHE_MANAGER

--------------------------------------------------------------

Installing component UT_ANNOTATION_PARSER

--------------------------------------------------------------

Installing component UT_ANNOTATION_PARSER

--------------------------------------------------------------

Installing component UT_ANNOTATION_MANAGER

--------------------------------------------------------------

Installing component UT_ANNOTATION_MANAGER

--------------------------------------------------------------

Installing component UT_SUITE_MANAGER

--------------------------------------------------------------

Installing component UT_SUITE_MANAGER

--------------------------------------------------------------

Installing component UT_EXPECTATION_PROCESSOR

--------------------------------------------------------------

Installing component UT_EXPECTATION_PROCESSOR

--------------------------------------------------------------

Installing PLSQL profiler objects into ut3 schema
PLSQL_PROFILER_RUNS table created

PLSQL_PROFILER_UNITS table created

PLSQL_PROFILER_DATA table created

Sequence PLSQL_PROFILER_RUNNUMBER created

Installing component UT_FILE_MAPPER

--------------------------------------------------------------

Installing component UT_FILE_MAPPER

--------------------------------------------------------------

Installing component UT_COVERAGE_SOURCES_TMP

--------------------------------------------------------------

Installing component UT_COVERAGE_HELPER

--------------------------------------------------------------

Installing component UT_COVERAGE_HELPER

--------------------------------------------------------------

Installing component UT_COVERAGE

--------------------------------------------------------------

Installing component UT_COVERAGE

--------------------------------------------------------------

Installing component UT_COVERAGE_REPORTER_BASE

--------------------------------------------------------------

Installing component UT_COVERAGE_REPORTER_BASE

--------------------------------------------------------------

Installing component UT_RESULTS_COUNTER

--------------------------------------------------------------

Installing component UT_SUITE_ITEM

--------------------------------------------------------------

Installing component UT_TEST

--------------------------------------------------------------

Installing component UT_LOGICAL_SUITE

--------------------------------------------------------------

Installing component UT_SUITE

--------------------------------------------------------------

Installing component UT_RUN

--------------------------------------------------------------

Installing component UT_EVENT_LISTENER

--------------------------------------------------------------

Installing component UT_EXPECTATION_RESULT

--------------------------------------------------------------

Installing component UT_REPORTER_BASE

--------------------------------------------------------------

Installing component UT_FILE_MAPPING

--------------------------------------------------------------

Installing component UT_EXECUTABLE

--------------------------------------------------------------

Installing component UT_CONSOLE_REPORTER_BASE

--------------------------------------------------------------

Installing component UT_CONSOLE_REPORTER_BASE

--------------------------------------------------------------

Installing component UT_CURSOR_DATA

--------------------------------------------------------------

Installing component UT_DATA_VALUE

--------------------------------------------------------------

Installing component UT_DATA_VALUE_ANYDATA

--------------------------------------------------------------

Installing component UT_DATA_VALUE_COLLECTION

--------------------------------------------------------------

Installing component UT_DATA_VALUE_OBJECT

--------------------------------------------------------------

Installing component UT_DATA_VALUE_BLOB

--------------------------------------------------------------

Installing component UT_DATA_VALUE_BOOLEAN

--------------------------------------------------------------

Installing component UT_DATA_VALUE_CLOB

--------------------------------------------------------------

Installing component UT_DATA_VALUE_DATE

--------------------------------------------------------------

Installing component UT_DATA_VALUE_DSINTERVAL

--------------------------------------------------------------

Installing component UT_DATA_VALUE_NUMBER

--------------------------------------------------------------

Installing component UT_DATA_VALUE_REFCURSOR

--------------------------------------------------------------

Installing component UT_DATA_VALUE_TIMESTAMP

--------------------------------------------------------------

Installing component UT_DATA_VALUE_TIMESTAMP_TZ

--------------------------------------------------------------

Installing component UT_DATA_VALUE_TIMESTAMP_LTZ

--------------------------------------------------------------

Installing component UT_DATA_VALUE_VARCHAR2

--------------------------------------------------------------

Installing component UT_DATA_VALUE_YMINTERVAL

--------------------------------------------------------------

Installing component UT_MATCHER

--------------------------------------------------------------

Installing component UT_COMPARISON_MATCHER

--------------------------------------------------------------

Installing component UT_BE_FALSE

--------------------------------------------------------------

Installing component UT_BE_GREATER_OR_EQUAL

--------------------------------------------------------------

Installing component UT_BE_GREATER_THAN

--------------------------------------------------------------

Installing component UT_BE_LESS_OR_EQUAL

--------------------------------------------------------------

Installing component UT_BE_LESS_THAN

--------------------------------------------------------------

Installing component UT_BE_LIKE

--------------------------------------------------------------

Installing component UT_BE_NOT_NULL

--------------------------------------------------------------

Installing component UT_BE_NULL

--------------------------------------------------------------

Installing component UT_BE_TRUE

--------------------------------------------------------------

Installing component UT_EQUAL

--------------------------------------------------------------

Installing component UT_BE_BETWEEN

--------------------------------------------------------------

Installing component UT_BE_EMPTY

--------------------------------------------------------------

Installing component UT_MATCH

--------------------------------------------------------------

Installing component UT_EXPECTATION

--------------------------------------------------------------

Installing component UT_DATA_VALUE

--------------------------------------------------------------

Installing component UT_DATA_VALUE_ANYDATA

--------------------------------------------------------------

Installing component UT_DATA_VALUE_OBJECT

--------------------------------------------------------------

Installing component UT_DATA_VALUE_COLLECTION

--------------------------------------------------------------

Installing component UT_DATA_VALUE_BLOB

--------------------------------------------------------------

Installing component UT_DATA_VALUE_BOOLEAN

--------------------------------------------------------------

Installing component UT_DATA_VALUE_CLOB

--------------------------------------------------------------

Installing component UT_DATA_VALUE_DATE

--------------------------------------------------------------

Installing component UT_DATA_VALUE_DSINTERVAL

--------------------------------------------------------------

Installing component UT_DATA_VALUE_NUMBER

--------------------------------------------------------------

Installing component UT_DATA_VALUE_REFCURSOR

--------------------------------------------------------------

Installing component UT_DATA_VALUE_TIMESTAMP

--------------------------------------------------------------

Installing component UT_DATA_VALUE_TIMESTAMP_TZ

--------------------------------------------------------------

Installing component UT_DATA_VALUE_TIMESTAMP_LTZ

--------------------------------------------------------------

Installing component UT_DATA_VALUE_VARCHAR2

--------------------------------------------------------------

Installing component UT_DATA_VALUE_YMINTERVAL

--------------------------------------------------------------

Installing component UT_MATCHER

--------------------------------------------------------------

Installing component UT_COMPARISON_MATCHER

--------------------------------------------------------------

Installing component UT_BE_FALSE

--------------------------------------------------------------

Installing component UT_BE_GREATER_OR_EQUAL

--------------------------------------------------------------

Installing component UT_BE_GREATER_THAN

--------------------------------------------------------------

Installing component UT_BE_LESS_OR_EQUAL

--------------------------------------------------------------

Installing component UT_BE_LESS_THAN

--------------------------------------------------------------

Installing component UT_BE_LIKE

--------------------------------------------------------------

Installing component UT_BE_NOT_NULL

--------------------------------------------------------------

Installing component UT_BE_NULL

--------------------------------------------------------------

Installing component UT_BE_TRUE

--------------------------------------------------------------

Installing component UT_EQUAL

--------------------------------------------------------------

Installing component UT_BE_BETWEEN

--------------------------------------------------------------

Installing component UT_BE_EMPTY

--------------------------------------------------------------

Installing component UT_MATCH

--------------------------------------------------------------

Installing component UT_EXPECTATION

--------------------------------------------------------------

Installing component UT_DOCUMENTATION_REPORTER

--------------------------------------------------------------

Installing component UT_DOCUMENTATION_REPORTER

--------------------------------------------------------------

Installing component UT_RUNNER

--------------------------------------------------------------

Installing component UT_RUNNER

--------------------------------------------------------------

Installing component UT

--------------------------------------------------------------

Installing component UT

--------------------------------------------------------------

Installing component UT_TEAMCITY_REPORTER

--------------------------------------------------------------

Installing component UT_TEAMCITY_REPORTER_HELPER

--------------------------------------------------------------

Installing component UT_TEAMCITY_REPORTER_HELPER

--------------------------------------------------------------

Installing component UT_TEAMCITY_REPORTER

--------------------------------------------------------------

Installing component UT_XUNIT_REPORTER

--------------------------------------------------------------

Installing component UT_XUNIT_REPORTER

--------------------------------------------------------------

Installing component UT_SONAR_TEST_REPORTER

--------------------------------------------------------------

Installing component UT_SONAR_TEST_REPORTER

--------------------------------------------------------------

Installing component UT_COVERAGE_HTML_REPORTER

--------------------------------------------------------------

Installing component UT_COVERAGE_REPORT_HTML_HELPER

--------------------------------------------------------------

Installing component UT_COVERAGE_REPORT_HTML_HELPER

--------------------------------------------------------------

Installing component UT_COVERAGE_HTML_REPORTER

--------------------------------------------------------------

Installing component UT_COVERAGE_SONAR_REPORTER

--------------------------------------------------------------

Installing component UT_COVERAGE_SONAR_REPORTER

--------------------------------------------------------------

Installing component UT_COVERALLS_REPORTER

--------------------------------------------------------------

Installing component UT_COVERALLS_REPORTER

--------------------------------------------------------------

Installing component BE_BETWEEN

--------------------------------------------------------------

Installing component BE_EMPTY

--------------------------------------------------------------

Installing component BE_FALSE

--------------------------------------------------------------

Installing component BE_GREATER_OR_EQUAL

--------------------------------------------------------------

Installing component BE_GREATER_THAN

--------------------------------------------------------------

Installing component BE_LESS_OR_EQUAL

--------------------------------------------------------------

Installing component BE_LESS_THAN

--------------------------------------------------------------

Installing component BE_LIKE

--------------------------------------------------------------

Installing component BE_NOT_NULL

--------------------------------------------------------------

Installing component BE_NULL

--------------------------------------------------------------

Installing component BE_TRUE

--------------------------------------------------------------

Installing component EQUAL

--------------------------------------------------------------

Installing component MATCH

--------------------------------------------------------------

Validating installation
--------------------------------------------------------------
Installation completed successfully
--------------------------------------------------------------

